<?xml version="1.0" encoding="utf-8"?><testsuites name="pytest tests"><testsuite name="pytest" errors="0" failures="0" skipped="0" tests="24" time="4.800" timestamp="2026-09-08T18:31:47.069007+00:00" hostname="agent-env-00d521eb-be0c-40c6-81aa-c538bfa445d0"><testcase classname="tests.backend_test.TestCatalog" name="test_services_filter_by_category" time="0.744" /><testcase classname="tests.backend_test.TestAuth" name="test_register_duplicate_returns_409" time="0.690" /><testcase classname="tests.backend_test.TestAuth" name="test_register_creates_customer_profile" time="0.481" /><testcase classname="tests.backend_test.TestCatalog" name="test_services_popular_sorted" time="0.256" /><testcase classname="tests.backend_test.TestCatalog" name="test_service_detail_and_packages" time="0.484" /><testcase classname="tests.backend_test.TestAuth" name="test_login_wrong_password_returns_401" time="0.353" /><testcase classname="tests.backend_test.TestCatalog" name="test_service_not_found" time="0.085" /><testcase classname="tests.backend_test.TestAuth" name="test_login_success" time="0.320" /><testcase classname="tests.backend_test.TestCatalog" name="test_designs_list_and_filter_and_detail" time="0.536" /><testcase classname="tests.backend_test.TestAuth" name="test_me_no_token_returns_401" time="0.085" /><testcase classname="tests.backend_test.TestAuth" name="test_me_with_token" time="0.128" /><testcase classname="tests.backend_test.TestAuth" name="test_refresh_rotation_and_replay_401" time="0.857" /><testcase classname="tests.backend_test.TestHealthAndSeed" name="test_health" time="0.094" /><testcase classname="tests.backend_test.TestBookings" name="test_create_asap_booking_status_searching" time="1.097" /><testcase classname="tests.backend_test.TestHealthAndSeed" name="test_cities_seeded" time="0.140" /><testcase classname="tests.backend_test.TestHealthAndSeed" name="test_categories_seeded_and_sorted" time="0.092" /><testcase classname="tests.backend_test.TestBookings" name="test_create_scheduled_requires_scheduled_at" time="0.092" /><testcase classname="tests.backend_test.TestHealthAndSeed" name="test_services_seeded" time="0.083" /><testcase classname="tests.backend_test.TestBookings" name="test_create_scheduled_ok" time="0.105" /><testcase classname="tests.backend_test.TestAddresses" name="test_address_crud_and_scope" time="0.440" /><testcase classname="tests.backend_test.TestBookings" name="test_list_and_filter_and_cancel" time="0.573" /><testcase classname="tests.backend_test.TestAddresses" name="test_addresses_require_auth" time="0.135" /><testcase classname="tests.backend_test.TestMedia" name="test_upload_and_fetch" time="0.397" /><testcase classname="tests.backend_test.TestBookings" name="test_admin_cannot_create_booking" time="0.457" /></testsuite></testsuites>